0 info it worked if it ends with ok
1 verbose cli [ '/Users/javi/nvm/v0.8.6/bin/node',
1 verbose cli   '/Users/javi/nvm/v0.8.6/bin/npm',
1 verbose cli   'install',
1 verbose cli   '--save',
1 verbose cli   'http' ]
2 info using npm@1.1.48
3 info using node@v0.8.6
4 verbose config file /Users/javi/.npmrc
5 verbose config file /Users/javi/nvm/v0.8.6/etc/npmrc
6 verbose config file /Users/javi/nvm/v0.8.6/lib/node_modules/npm/npmrc
7 verbose read json /Users/javi/work/node-nimble-api/package.json
8 verbose read json /Users/javi/work/node-nimble-api/node_modules/oauth/package.json
9 verbose from cache /Users/javi/work/node-nimble-api/package.json
10 verbose readDependencies using package.json deps
11 verbose cache add [ 'http', null ]
12 silly cache add name=undefined spec="http" args=["http",null]
13 verbose parsed url { pathname: 'http', path: 'http', href: 'http' }
14 silly lockFile 77b5f8e3-http http
15 verbose lock http /Users/javi/.npm/77b5f8e3-http.lock
16 silly lockFile 77b5f8e3-http http
17 verbose addNamed [ 'http', '' ]
18 verbose addNamed [ null, '' ]
19 silly lockFile c1086ff9-http http@
20 verbose lock http@ /Users/javi/.npm/c1086ff9-http.lock
21 silly addNameRange { name: 'http', range: '', hasData: false }
22 verbose url raw http
23 verbose url resolving [ 'https://registry.npmjs.org/', './http' ]
24 verbose url resolved https://registry.npmjs.org/http
25 info retry registry request attempt 1 at 22:51:31
26 http GET https://registry.npmjs.org/http
27 http 404 https://registry.npmjs.org/http
28 silly registry.get cb [ 404,
28 silly registry.get   { server: 'CouchDB/1.3.0 (Erlang OTP/R15B03)',
28 silly registry.get     date: 'Mon, 22 Apr 2013 20:51:34 GMT',
28 silly registry.get     'content-type': 'application/json',
28 silly registry.get     'content-length': '52',
28 silly registry.get     'cache-control': 'must-revalidate' } ]
29 silly lockFile c1086ff9-http http@
30 error 404 'http' is not in the npm registry.
30 error 404 You should bug the author to publish it
30 error 404
30 error 404 Note that you can also install from a
30 error 404 tarball, folder, or http url, or git url.
31 error System Darwin 11.3.1
32 error command "/Users/javi/nvm/v0.8.6/bin/node" "/Users/javi/nvm/v0.8.6/bin/npm" "install" "--save" "http"
33 error cwd /Users/javi/work/node-nimble-api
34 error node -v v0.8.6
35 error npm -v 1.1.48
36 error code E404
37 verbose exit [ 1, true ]
